1516615585.898436 client started (37496): version 2.6, socket /private/tmp/tmux-501/default, protocol 8
1516615585.898631 on Darwin 17.3.0 Darwin Kernel Version 17.3.0: Thu Nov  9 18:09:22 PST 2017; root:xnu-4570.31.3~1/RELEASE_X86_64; libevent 2.1.8-stable (select)
1516615585.898776 socket is /private/tmp/tmux-501/default
1516615585.898836 trying connect
1516615585.899063 add peer 0x7fe25a048c00: 6 (0x0)
1516615585.944829 sending message 100 to peer 0x7fe25a048c00 (4 bytes)
1516615585.944866 sending message 101 to peer 0x7fe25a048c00 (7 bytes)
1516615585.944881 sending message 102 to peer 0x7fe25a048c00 (13 bytes)
1516615585.944893 sending message 108 to peer 0x7fe25a048c00 (42 bytes)
1516615585.944917 sending message 104 to peer 0x7fe25a048c00 (0 bytes)
1516615585.944929 sending message 107 to peer 0x7fe25a048c00 (4 bytes)
1516615585.944940 sending message 105 to peer 0x7fe25a048c00 (23 bytes)
1516615585.944950 sending message 105 to peer 0x7fe25a048c00 (39 bytes)
1516615585.944961 sending message 105 to peer 0x7fe25a048c00 (12 bytes)
1516615585.944971 sending message 105 to peer 0x7fe25a048c00 (16 bytes)
1516615585.944981 sending message 105 to peer 0x7fe25a048c00 (46 bytes)
1516615585.944992 sending message 105 to peer 0x7fe25a048c00 (57 bytes)
1516615585.945002 sending message 105 to peer 0x7fe25a048c00 (76 bytes)
1516615585.945012 sending message 105 to peer 0x7fe25a048c00 (27 bytes)
1516615585.945022 sending message 105 to peer 0x7fe25a048c00 (43 bytes)
1516615585.945033 sending message 105 to peer 0x7fe25a048c00 (60 bytes)
1516615585.945043 sending message 105 to peer 0x7fe25a048c00 (19 bytes)
1516615585.945053 sending message 105 to peer 0x7fe25a048c00 (66 bytes)
1516615585.945063 sending message 105 to peer 0x7fe25a048c00 (33 bytes)
1516615585.945073 sending message 105 to peer 0x7fe25a048c00 (42 bytes)
1516615585.945083 sending message 105 to peer 0x7fe25a048c00 (372 bytes)
1516615585.945094 sending message 105 to peer 0x7fe25a048c00 (43 bytes)
1516615585.945104 sending message 105 to peer 0x7fe25a048c00 (46 bytes)
1516615585.945114 sending message 105 to peer 0x7fe25a048c00 (86 bytes)
1516615585.945124 sending message 105 to peer 0x7fe25a048c00 (67 bytes)
1516615585.945135 sending message 105 to peer 0x7fe25a048c00 (17 bytes)
1516615585.945145 sending message 105 to peer 0x7fe25a048c00 (22 bytes)
1516615585.945155 sending message 105 to peer 0x7fe25a048c00 (14 bytes)
1516615585.945166 sending message 105 to peer 0x7fe25a048c00 (14 bytes)
1516615585.945176 sending message 105 to peer 0x7fe25a048c00 (19 bytes)
1516615585.945186 sending message 105 to peer 0x7fe25a048c00 (8 bytes)
1516615585.945196 sending message 105 to peer 0x7fe25a048c00 (17 bytes)
1516615585.945206 sending message 105 to peer 0x7fe25a048c00 (26 bytes)
1516615585.945216 sending message 105 to peer 0x7fe25a048c00 (14 bytes)
1516615585.945226 sending message 105 to peer 0x7fe25a048c00 (61 bytes)
1516615585.945237 sending message 105 to peer 0x7fe25a048c00 (22 bytes)
1516615585.945247 sending message 105 to peer 0x7fe25a048c00 (50 bytes)
1516615585.945257 sending message 105 to peer 0x7fe25a048c00 (50 bytes)
1516615585.945267 sending message 105 to peer 0x7fe25a048c00 (20 bytes)
1516615585.945278 sending message 105 to peer 0x7fe25a048c00 (22 bytes)
1516615585.945288 sending message 105 to peer 0x7fe25a048c00 (38 bytes)
1516615585.945298 sending message 105 to peer 0x7fe25a048c00 (17 bytes)
1516615585.945308 sending message 105 to peer 0x7fe25a048c00 (15 bytes)
1516615585.945318 sending message 106 to peer 0x7fe25a048c00 (0 bytes)
1516615585.945332 sending message 200 to peer 0x7fe25a048c00 (4 bytes)
1516615585.945343 client loop enter
1516615585.945766 peer 0x7fe25a048c00 message 211
1516615585.945799 peer 0x7fe25a048c00 message 203
1516615585.945812 client loop exit
